<?xml version="1.0" encoding="UTF-8"?>
<!-- Generated by org.testng.reporters.JUnitReportReporter -->
<testsuite hostname="LAPTOP-F5J1JPC3" failures="0" tests="1" name="testCases.TC002_LoginTest" time="13.061" errors="0" timestamp="2025-06-07T15:14:20 IST" skipped="0">
  <testcase classname="testCases.TC002_LoginTest" name="test_verifyLogin" time="13.061"/>
</testsuite> <!-- testCases.TC002_LoginTest -->
