<?xml version="1.0" encoding="UTF-8"?>
<!-- Generated by org.testng.reporters.JUnitReportReporter -->
<testsuite hostname="LAPTOP-F5J1JPC3" failures="0" tests="1" name="testCases.TC001_AccountRegistrationTest" time="22.929" errors="0" timestamp="2025-06-07T15:14:20 IST" skipped="0">
  <testcase classname="testCases.TC001_AccountRegistrationTest" name="test_AccountRegistration" time="22.929"/>
</testsuite> <!-- testCases.TC001_AccountRegistrationTest -->
