<?xml version="1.0" encoding="UTF-8"?>
<!-- Generated by org.testng.reporters.JUnitReportReporter -->
<testsuite hostname="LAPTOP-F5J1JPC3" failures="0" tests="2" name="testCases.TC001_AccountRegistrationTest" time="64.461" errors="0" timestamp="2025-06-07T23:11:11 IST" skipped="0">
  <testcase classname="testCases.TC001_AccountRegistrationTest" name="test_AccountRegistration" time="39.675"/>
  <testcase classname="testCases.TC001_AccountRegistrationTest" name="test_AccountRegistration" time="24.786"/>
</testsuite> <!-- testCases.TC001_AccountRegistrationTest -->
